Start testing: Feb 21 21:53 PST
----------------------------------------------------------
1/2 Testing: unit_tests
1/2 Test: unit_tests
Command: "/Users/nickthompson/src/cpp/audio/alsa-learning/cxx/build/bin/unit_tests"
Directory: /Users/nickthompson/src/cpp/audio/alsa-learning/cxx/build
"unit_tests" start time: Feb 21 21:53 PST
Output:
----------------------------------------------------------
Running main() from /Users/nickthompson/src/cpp/audio/alsa-learning/cxx/build/_deps/googletest-src/googletest/src/gtest_main.cc
[==========] Running 3 tests from 1 test suite.
[----------] Global test environment set-up.
[----------] 3 tests from OscillatorTest
[ RUN      ] OscillatorTest.SignalGeneration
[       OK ] OscillatorTest.SignalGeneration (0 ms)
[ RUN      ] OscillatorTest.FrequencyChange
[       OK ] OscillatorTest.FrequencyChange (0 ms)
[ RUN      ] OscillatorTest.ResetPhase
[       OK ] OscillatorTest.ResetPhase (0 ms)
[----------] 3 tests from OscillatorTest (0 ms total)

[----------] Global test environment tear-down
[==========] 3 tests from 1 test suite ran. (0 ms total)
[  PASSED  ] 3 tests.
<end of output>
Test time =   0.29 sec
----------------------------------------------------------
Test Passed.
"unit_tests" end time: Feb 21 21:53 PST
"unit_tests" time elapsed: 00:00:00
----------------------------------------------------------

2/2 Testing: integration_tests
2/2 Test: integration_tests
Command: "/Users/nickthompson/src/cpp/audio/alsa-learning/cxx/build/bin/integration_tests"
Directory: /Users/nickthompson/src/cpp/audio/alsa-learning/cxx/build
"integration_tests" start time: Feb 21 21:53 PST
Output:
----------------------------------------------------------
Running main() from /Users/nickthompson/src/cpp/audio/alsa-learning/cxx/build/_deps/googletest-src/googletest/src/gtest_main.cc
[==========] Running 2 tests from 1 test suite.
[----------] Global test environment set-up.
[----------] 2 tests from BridgeTest
[ RUN      ] BridgeTest.LifecycleAndProcess
[       OK ] BridgeTest.LifecycleAndProcess (9 ms)
[ RUN      ] BridgeTest.NoteOff
[       OK ] BridgeTest.NoteOff (8 ms)
[----------] 2 tests from BridgeTest (18 ms total)

[----------] Global test environment tear-down
[==========] 2 tests from 1 test suite ran. (18 ms total)
[  PASSED  ] 2 tests.
<end of output>
Test time =   0.26 sec
----------------------------------------------------------
Test Passed.
"integration_tests" end time: Feb 21 21:53 PST
"integration_tests" time elapsed: 00:00:00
----------------------------------------------------------

End testing: Feb 21 21:53 PST
