Start testing: Feb 23 21:59 PST
----------------------------------------------------------
1/2 Testing: unit_tests
1/2 Test: unit_tests
Command: "/Users/nickthompson/src/cpp/audio/alsa-learning/cxx/build/bin/unit_tests"
Directory: /Users/nickthompson/src/cpp/audio/alsa-learning/cxx/build
"unit_tests" start time: Feb 23 21:59 PST
Output:
----------------------------------------------------------
Running main() from /Users/nickthompson/src/cpp/audio/alsa-learning/cxx/build/_deps/googletest-src/googletest/src/gtest_main.cc
[==========] Running 12 tests from 5 test suites.
[----------] Global test environment set-up.
[----------] 3 tests from OscillatorTest
[ RUN      ] OscillatorTest.SignalGeneration
[       OK ] OscillatorTest.SignalGeneration (0 ms)
[ RUN      ] OscillatorTest.FrequencyChange
[       OK ] OscillatorTest.FrequencyChange (0 ms)
[ RUN      ] OscillatorTest.ResetPhase
[       OK ] OscillatorTest.ResetPhase (0 ms)
[----------] 3 tests from OscillatorTest (0 ms total)

[----------] 2 tests from LoggerTest
[ RUN      ] LoggerTest.SingleThreadedPushPop
[       OK ] LoggerTest.SingleThreadedPushPop (0 ms)
[ RUN      ] LoggerTest.MultiThreadedCapture
[       OK ] LoggerTest.MultiThreadedCapture (12 ms)
[----------] 2 tests from LoggerTest (12 ms total)

[----------] 3 tests from ClockTest
[ RUN      ] ClockTest.PPQResolution
[       OK ] ClockTest.PPQResolution (0 ms)
[ RUN      ] ClockTest.BarBoundary
[       OK ] ClockTest.BarBoundary (0 ms)
[ RUN      ] ClockTest.TempoRamp
[       OK ] ClockTest.TempoRamp (0 ms)
[----------] 3 tests from ClockTest (0 ms total)

[----------] 2 tests from VoiceStressTest
[ RUN      ] VoiceStressTest.LruStealing
[       OK ] VoiceStressTest.LruStealing (9 ms)
[ RUN      ] VoiceStressTest.ReleasePriorityStealing
[       OK ] VoiceStressTest.ReleasePriorityStealing (8 ms)
[----------] 2 tests from VoiceStressTest (17 ms total)

[----------] 2 tests from EnvelopeTest
[ RUN      ] EnvelopeTest.ZeroCrossing
[       OK ] EnvelopeTest.ZeroCrossing (0 ms)
[ RUN      ] EnvelopeTest.SustainLevelZero
[       OK ] EnvelopeTest.SustainLevelZero (1 ms)
[----------] 2 tests from EnvelopeTest (1 ms total)

[----------] Global test environment tear-down
[==========] 12 tests from 5 test suites ran. (32 ms total)
[  PASSED  ] 12 tests.
<end of output>
Test time =   0.51 sec
----------------------------------------------------------
Test Passed.
"unit_tests" end time: Feb 23 21:59 PST
"unit_tests" time elapsed: 00:00:00
----------------------------------------------------------

2/2 Testing: integration_tests
2/2 Test: integration_tests
Command: "/Users/nickthompson/src/cpp/audio/alsa-learning/cxx/build/bin/integration_tests"
Directory: /Users/nickthompson/src/cpp/audio/alsa-learning/cxx/build
"integration_tests" start time: Feb 23 21:59 PST
Output:
----------------------------------------------------------
--- Starting Metronome Validation Test ---
Playing 120 BPM metronome for 5 seconds (Ctrl+C to stop early)...
[Beat] 1.2
[Beat] 1.3
[Beat] 1.4
[Beat] 2.1
[Beat] 2.2
[Beat] 2.3
[Beat] 2.4
[Beat] 3.1
[Beat] 3.2
[Beat] 3.3
--- Test Completed ---
<end of output>
Test time =   5.50 sec
----------------------------------------------------------
Test Passed.
"integration_tests" end time: Feb 23 21:59 PST
"integration_tests" time elapsed: 00:00:05
----------------------------------------------------------

End testing: Feb 23 21:59 PST
